[2017-05-23 21:55:02] [info]  [10900] Commons Daemon procrun (1.0.15.0 64-bit) started
[2017-05-23 21:55:02] [info]  [10900] Service Tomcat9 name Apache Tomcat 9.0 Tomcat9
[2017-05-23 21:55:02] [info]  [10900] Service 'Tomcat9' installed
[2017-05-23 21:55:02] [info]  [10900] Commons Daemon procrun finished
[2017-05-23 21:55:05] [info]  [ 2320] Commons Daemon procrun (1.0.15.0 64-bit) started
[2017-05-23 21:55:05] [info]  [ 2320] Updating service...
[2017-05-23 21:55:05] [info]  [ 2320] Service 'Tomcat9' updated
[2017-05-23 21:55:05] [info]  [ 2320] Update service finished.
[2017-05-23 21:55:05] [info]  [ 2320] Commons Daemon procrun finished
[2017-05-23 21:55:05] [info]  [ 9428] Commons Daemon procrun (1.0.15.0 64-bit) started
[2017-05-23 21:55:05] [info]  [ 9428] Updating service...
[2017-05-23 21:55:05] [info]  [ 9428] Service 'Tomcat9' updated
[2017-05-23 21:55:05] [info]  [ 9428] Update service finished.
[2017-05-23 21:55:05] [info]  [ 9428] Commons Daemon procrun finished
[2017-05-23 21:55:05] [info]  [ 1008] Commons Daemon procrun (1.0.15.0 64-bit) started
[2017-05-23 21:55:05] [info]  [ 1008] Updating service...
[2017-05-23 21:55:05] [info]  [ 1008] Service 'Tomcat9' updated
[2017-05-23 21:55:05] [info]  [ 1008] Update service finished.
[2017-05-23 21:55:05] [info]  [ 1008] Commons Daemon procrun finished
[2017-05-23 21:55:10] [info]  [ 9264] Commons Daemon procrun (1.0.15.0 64-bit) started
[2017-05-23 21:55:10] [info]  [ 9264] Running 'Tomcat9' Service...
[2017-05-23 21:55:10] [info]  [ 1784] Starting service...
[2017-05-23 21:55:11] [info]  [ 1784] Service started in 1458 ms.
[2017-05-25 19:26:39] [info]  [ 1216] Stopping service...
[2017-05-25 19:26:40] [info]  [ 1216] Service stop thread completed.
[2017-05-25 19:26:41] [info]  [ 9264] Run service finished.
[2017-05-25 19:26:41] [info]  [ 9264] Commons Daemon procrun finished
