[2017-05-25 20:25:22] [info]  [12736] Commons Daemon procrun (1.0.15.0 64-bit) started
[2017-05-25 20:25:22] [info]  [12736] Running 'Tomcat9' Service...
[2017-05-25 20:25:22] [info]  [ 4912] Starting service...
[2017-05-25 20:25:24] [info]  [ 4912] Service started in 1615 ms.
[2017-05-25 20:25:25] [info]  [12736] Run service finished.
[2017-05-25 20:25:25] [info]  [12736] Commons Daemon procrun finished
[2017-05-25 20:26:03] [info]  [ 7112] Commons Daemon procrun (1.0.15.0 64-bit) started
[2017-05-25 20:26:03] [info]  [ 7112] Running 'Tomcat9' Service...
[2017-05-25 20:26:03] [info]  [ 4820] Starting service...
[2017-05-25 20:26:05] [info]  [ 4820] Service started in 1267 ms.
[2017-05-25 20:26:05] [info]  [ 7112] Run service finished.
[2017-05-25 20:26:05] [info]  [ 7112] Commons Daemon procrun finished
[2017-05-25 20:26:16] [info]  [ 5404] Commons Daemon procrun (1.0.15.0 64-bit) started
[2017-05-25 20:26:17] [info]  [ 5404] Running 'Tomcat9' Service...
[2017-05-25 20:26:17] [info]  [12580] Starting service...
[2017-05-25 20:26:18] [info]  [12580] Service started in 1229 ms.
[2017-05-25 20:26:18] [info]  [ 5404] Run service finished.
[2017-05-25 20:26:18] [info]  [ 5404] Commons Daemon procrun finished
[2017-05-25 20:26:24] [info]  [  656] Commons Daemon procrun (1.0.15.0 64-bit) started
[2017-05-25 20:26:24] [info]  [  656] Running 'Tomcat9' Service...
[2017-05-25 20:26:24] [info]  [ 2588] Starting service...
[2017-05-25 20:26:25] [info]  [ 2588] Service started in 1128 ms.
[2017-05-25 20:26:25] [info]  [  656] Run service finished.
[2017-05-25 20:26:25] [info]  [  656] Commons Daemon procrun finished
[2017-05-25 20:28:17] [info]  [10384] Commons Daemon procrun (1.0.15.0 64-bit) started
[2017-05-25 20:28:17] [info]  [10384] Running 'Tomcat9' Service...
[2017-05-25 20:28:17] [info]  [10960] Starting service...
[2017-05-25 20:28:18] [info]  [10960] Service started in 1139 ms.
[2017-05-25 20:32:40] [info]  [ 8896] Stopping service...
[2017-05-25 20:32:41] [info]  [ 8896] Service stop thread completed.
[2017-05-25 20:32:41] [info]  [10384] Run service finished.
[2017-05-25 20:32:41] [info]  [10384] Commons Daemon procrun finished
